\BOOKMARK [1][-]{section.1}{\376\377\000M\000o\000b\000i\000l\000e\000N\000e\000t\000V\0001}{}% 1
\BOOKMARK [2][-]{subsection.1.1}{\376\377\135\345\117\134\127\372\170\100}{section.1}% 2
\BOOKMARK [2][-]{subsection.1.2}{\376\377\155\361\136\246\123\357\122\006\171\273\123\167\171\357}{section.1}% 3
\BOOKMARK [2][-]{subsection.1.3}{\376\377\177\121\176\334\176\323\147\204}{section.1}% 4
\BOOKMARK [2][-]{subsection.1.4}{\376\377\215\205\123\302\124\214}{section.1}% 5
\BOOKMARK [3][-]{subsubsection.1.4.1}{\376\377\172\204\177\121\176\334}{subsection.1.4}% 6
\BOOKMARK [3][-]{subsubsection.1.4.2}{\376\377\131\032\122\006\217\250\163\207\145\110\147\234}{subsection.1.4}% 7
\BOOKMARK [2][-]{subsection.1.5}{\376\377\116\016\121\166\116\326\123\167\171\357\177\121\176\334\150\106\147\266\133\371\153\324}{section.1}% 8
\BOOKMARK [2][-]{subsection.1.6}{\376\377\134\017\176\323}{section.1}% 9
\BOOKMARK [1][-]{section.2}{\376\377\000M\000o\000b\000i\000l\000e\000N\000e\000t\000V\0002}{}% 10
\BOOKMARK [2][-]{subsection.2.1}{\376\377\000L\000i\000n\000e\000a\000r\000\040\000B\000o\000t\000t\000e\000l\000N\000e\000c\000k\166\204\143\320\121\372}{section.2}% 11
\BOOKMARK [2][-]{subsection.2.2}{\376\377\123\315\153\213\135\356\000\040\000I\000n\000v\000e\000r\000t\000e\000d\000\040\000r\000e\000s\000i\000d\000u\000a\000l\000s}{section.2}% 12
\BOOKMARK [2][-]{subsection.2.3}{\376\377\145\110\147\234\153\324\217\203}{section.2}% 13
\BOOKMARK [2][-]{subsection.2.4}{\376\377\134\017\176\323}{section.2}% 14
\BOOKMARK [1][-]{section.3}{\376\377\000M\000o\000b\000i\000l\000e\000N\000e\000t\000V\0003}{}% 15
\BOOKMARK [2][-]{subsection.3.1}{\376\377\176\323\147\204\162\171\160\271}{section.3}% 16
\BOOKMARK [2][-]{subsection.3.2}{\376\377\116\222\210\145\177\121\176\334\144\034\175\042}{section.3}% 17
\BOOKMARK [2][-]{subsection.3.3}{\376\377\177\121\176\334\166\204\145\071\217\333\116\216\000h\000-\000s\000w\000i\000s\000h}{section.3}% 18
\BOOKMARK [2][-]{subsection.3.4}{\376\377\177\121\176\334\176\323\147\204}{section.3}% 19
\BOOKMARK [2][-]{subsection.3.5}{\376\377\145\110\147\234\133\371\153\324}{section.3}% 20
\BOOKMARK [2][-]{subsection.3.6}{\376\377\134\017\176\323}{section.3}% 21
\BOOKMARK [1][-]{section.4}{\376\377\173\200\123\125\166\204\133\236\232\214}{}% 22
\BOOKMARK [2][-]{subsection.4.1}{\376\377\145\160\143\156\226\306}{section.4}% 23
\BOOKMARK [2][-]{subsection.4.2}{\376\377\133\236\232\214\121\205\133\271}{section.4}% 24
\BOOKMARK [2][-]{subsection.4.3}{\376\377\217\330\147\052\133\214\142\020\166\204\135\345\117\134}{section.4}% 25
\BOOKMARK [1][-]{appendix.1.A}{\376\377\226\104\137\125\377\032\145\160\143\156\226\306\116\016\116\343\170\001\127\060\127\100}{}% 26
